d:\explain\pmst\pmst\x64\debug\vc143.pdb
d:\explain\pmst\pmst\x64\debug\.netframework,version=v4.8.assemblyattributes.obj
d:\explain\pmst\pmst\x64\debug\usermodel.obj
d:\explain\pmst\pmst\x64\debug\suppliermodel.obj
d:\explain\pmst\pmst\x64\debug\stockhistorymodel.obj
d:\explain\pmst\pmst\x64\debug\salemodel.obj
d:\explain\pmst\pmst\x64\debug\productmodel.obj
d:\explain\pmst\pmst\x64\debug\pharmacymodel.obj
d:\explain\pmst\pmst\x64\debug\categorymodel.obj
d:\explain\pmst\pmst\x64\debug\register.obj
d:\explain\pmst\pmst\x64\debug\dbconnection.obj
d:\explain\pmst\pmst\x64\debug\userscontroller.obj
d:\explain\pmst\pmst\x64\debug\supplierscontroller.obj
d:\explain\pmst\pmst\x64\debug\stockhistorycontroller.obj
d:\explain\pmst\pmst\x64\debug\salescontroller.obj
d:\explain\pmst\pmst\x64\debug\productscontroller.obj
d:\explain\pmst\pmst\x64\debug\pharmaciescontroller.obj
d:\explain\pmst\pmst\x64\debug\categorycontroller.obj
d:\explain\pmst\x64\debug\mysql.data.dll
d:\explain\pmst\x64\debug\system.memory.dll
d:\explain\pmst\x64\debug\system.threading.tasks.extensions.dll
d:\explain\pmst\x64\debug\system.numerics.vectors.dll
d:\explain\pmst\x64\debug\system.buffers.dll
d:\explain\pmst\x64\debug\mysql.data.xml
d:\explain\pmst\pmst\x64\debug\pmst.vcxproj.assemblyreference.cache
d:\explain\pmst\pmst\x64\debug\pmst.tlog\cl.command.1.tlog
d:\explain\pmst\pmst\x64\debug\pmst.tlog\cl.read.1.tlog
d:\explain\pmst\pmst\x64\debug\pmst.tlog\cl.write.1.tlog
d:\explain\pmst\pmst\x64\debug\pmst.tlog\copylocal.read.1u.tlog
d:\explain\pmst\pmst\x64\debug\pmst.tlog\copylocal.write.1u.tlog
d:\explain\pmst\pmst\x64\debug\pmst.tlog\metagen.write.1.tlog
